<?xml version="1.0" encoding="UTF-8"?>
<testsuite xmlns:xsi="http://www.w3.org/2001/XMLSchema-instance" xsi:noNamespaceSchemaLocation="https://maven.apache.org/surefire/maven-surefire-plugin/xsd/surefire-test-report.xsd" name="com.example.back.sys.service.RoomServiceTest" time="0.025" tests="3" errors="0" skipped="0" failures="0">
  <properties>
[...]
</properties>
  <testcase name="testUpdatePlayer" classname="com.example.back.sys.service.RoomServiceTest" time="0.011"/>
  <testcase name="testFindRoomByRoomId" classname="com.example.back.sys.service.RoomServiceTest" time="0.004"/>
  <testcase name="testCheckItemsInRoom" classname="com.example.back.sys.service.RoomServiceTest" time="0.007"/>
</testsuite>